<?xml version="1.0" encoding="UTF-8"?>
<!-- Generated by org.testng.reporters.JUnitReportReporter -->
<testsuite skipped="0" hostname="DESKTOP-661A5OB" name="Academy.HomePage" tests="2" failures="0" timestamp="2020-08-25T00:33:58 IST" time="112.324" errors="0">
  <testcase name="TestHomePage" time="98.909" classname="Academy.HomePage"/>
  <system-out/>
  <testcase name="TestHomePage" time="13.415" classname="Academy.HomePage"/>
  <system-out/>
</testsuite> <!-- Academy.HomePage -->
