<?xml version="1.0" encoding="UTF-8"?>
<!-- Generated by org.testng.reporters.JUnitReportReporter -->
<testsuite skipped="0" hostname="DESKTOP-661A5OB" name="Academy.ValidationNavBar" tests="1" failures="0" timestamp="2020-08-25T00:33:58 IST" time="7.505" errors="0">
  <testcase name="TestNavigationBar" time="7.505" classname="Academy.ValidationNavBar"/>
  <system-out/>
</testsuite> <!-- Academy.ValidationNavBar -->
