<?xml version="1.0" encoding="UTF-8"?>
<!-- Generated by org.testng.reporters.JUnitReportReporter -->
<testsuite hostname="DESKTOP-661A5OB" name="Academy.HomePage" tests="2" failures="0" timestamp="24 Aug 2020 19:20:29 GMT" time="102.310" errors="0">
  <testcase name="TestHomePage" time="93.165" classname="Academy.HomePage"/>
  <testcase name="TestHomePage" time="9.145" classname="Academy.HomePage"/>
</testsuite> <!-- Academy.HomePage -->
