<?xml version="1.0" encoding="UTF-8"?>
<!-- Generated by org.testng.reporters.JUnitReportReporter -->
<testsuite hostname="DESKTOP-661A5OB" name="Academy.ValidationNavBar" tests="1" failures="0" timestamp="24 Aug 2020 19:20:29 GMT" time="3.624" errors="0">
  <testcase name="TestNavigationBar" time="3.624" classname="Academy.ValidationNavBar"/>
</testsuite> <!-- Academy.ValidationNavBar -->
